{"C:\\Users\\Rachel Oyugi\\Desktop\\stateless-microservice\\test\\test.js":{"path":"C:\\Users\\FIDELE MUMBERE\\Desktop\\stateless-microservice\\test\\test.js","s":{"1":1,"2":1,"3":1,"4":1,"5":0,"6":0,"7":0,"8":0,"9":0,"10":0,"11":0,"12":0,"13":0,"14":0,"15":0,"16":0,"17":0,"18":0,"19":0,"20":0,"21":0,"22":0,"23":0,"24":0,"25":0,"26":0,"27":0,"28":0,"29":0,"30":0,"31":0,"32":0,"33":0,"34":0,"35":0,"36":0,"37":0,"38":0,"39":0,"40":0,"41":0,"42":0,"43":0,"44":0,"45":0,"46":0,"47":0,"48":0,"49":0,"50":0,"51":0,"52":0,"53":0,"54":0,"55":0,"56":0},"b":{},"f":{},"fnMap":{},"statementMap":{"1":{"start":{"line":2,"column":0},"end":{"line":2,"column":34}},"2":{"start":{"line":3,"column":0},"end":{"line":3,"column":36}},"3":{"start":{"line":5,"column":0},"end":{"line":5,"column":29}},"4":{"start":{"line":8,"column":0},"end":{"line":133,"column":2}},"5":{"start":{"line":11,"column":2},"end":{"line":11,"column":67}},"6":{"start":{"line":14,"column":2},"end":{"line":14,"column":11}},"7":{"start":{"line":17,"column":2},"end":{"line":17,"column":152}},"8":{"start":{"line":18,"column":2},"end":{"line":18,"column":128}},"9":{"start":{"line":19,"column":2},"end":{"line":19,"column":84}},"10":{"start":{"line":20,"column":2},"end":{"line":20,"column":160}},"11":{"start":{"line":23,"column":2},"end":{"line":45,"column":4}},"12":{"start":{"line":24,"column":4},"end":{"line":32,"column":6}},"13":{"start":{"line":25,"column":6},"end":{"line":31,"column":10}},"14":{"start":{"line":29,"column":10},"end":{"line":29,"column":46}},"15":{"start":{"line":30,"column":10},"end":{"line":30,"column":16}},"16":{"start":{"line":34,"column":4},"end":{"line":44,"column":6}},"17":{"start":{"line":35,"column":6},"end":{"line":43,"column":10}},"18":{"start":{"line":39,"column":10},"end":{"line":39,"column":46}},"19":{"start":{"line":40,"column":10},"end":{"line":40,"column":52}},"20":{"start":{"line":41,"column":10},"end":{"line":41,"column":32}},"21":{"start":{"line":42,"column":10},"end":{"line":42,"column":16}},"22":{"start":{"line":47,"column":2},"end":{"line":95,"column":4}},"23":{"start":{"line":49,"column":4},"end":{"line":59,"column":6}},"24":{"start":{"line":50,"column":6},"end":{"line":57,"column":10}},"25":{"start":{"line":55,"column":10},"end":{"line":55,"column":46}},"26":{"start":{"line":56,"column":10},"end":{"line":56,"column":52}},"27":{"start":{"line":58,"column":6},"end":{"line":58,"column":12}},"28":{"start":{"line":61,"column":4},"end":{"line":71,"column":6}},"29":{"start":{"line":62,"column":6},"end":{"line":69,"column":10}},"30":{"start":{"line":67,"column":10},"end":{"line":67,"column":46}},"31":{"start":{"line":68,"column":10},"end":{"line":68,"column":53}},"32":{"start":{"line":70,"column":6},"end":{"line":70,"column":12}},"33":{"start":{"line":73,"column":4},"end":{"line":83,"column":6}},"34":{"start":{"line":74,"column":6},"end":{"line":81,"column":10}},"35":{"start":{"line":79,"column":10},"end":{"line":79,"column":46}},"36":{"start":{"line":80,"column":10},"end":{"line":80,"column":53}},"37":{"start":{"line":82,"column":6},"end":{"line":82,"column":12}},"38":{"start":{"line":85,"column":4},"end":{"line":94,"column":6}},"39":{"start":{"line":86,"column":6},"end":{"line":92,"column":10}},"40":{"start":{"line":91,"column":10},"end":{"line":91,"column":46}},"41":{"start":{"line":93,"column":6},"end":{"line":93,"column":12}},"42":{"start":{"line":97,"column":2},"end":{"line":132,"column":4}},"43":{"start":{"line":98,"column":4},"end":{"line":107,"column":6}},"44":{"start":{"line":99,"column":6},"end":{"line":106,"column":10}},"45":{"start":{"line":104,"column":10},"end":{"line":104,"column":46}},"46":{"start":{"line":105,"column":10},"end":{"line":105,"column":16}},"47":{"start":{"line":109,"column":4},"end":{"line":119,"column":6}},"48":{"start":{"line":110,"column":6},"end":{"line":117,"column":10}},"49":{"start":{"line":115,"column":10},"end":{"line":115,"column":46}},"50":{"start":{"line":116,"column":10},"end":{"line":116,"column":53}},"51":{"start":{"line":118,"column":6},"end":{"line":118,"column":12}},"52":{"start":{"line":121,"column":4},"end":{"line":131,"column":6}},"53":{"start":{"line":122,"column":6},"end":{"line":129,"column":10}},"54":{"start":{"line":127,"column":10},"end":{"line":127,"column":46}},"55":{"start":{"line":128,"column":10},"end":{"line":128,"column":53}},"56":{"start":{"line":130,"column":6},"end":{"line":130,"column":12}}},"branchMap":{}}}