TN:
SF:C:\Users\FIDELE MUMBERE\Desktop\stateless-microservice\test\test.js
FNF:0
FNH:0
DA:2,1
DA:3,1
DA:5,1
DA:8,1
DA:11,0
DA:14,0
DA:17,0
DA:18,0
DA:19,0
DA:20,0
DA:23,0
DA:24,0
DA:25,0
DA:29,0
DA:30,0
DA:34,0
DA:35,0
DA:39,0
DA:40,0
DA:41,0
DA:42,0
DA:47,0
DA:49,0
DA:50,0
DA:55,0
DA:56,0
DA:58,0
DA:61,0
DA:62,0
DA:67,0
DA:68,0
DA:70,0
DA:73,0
DA:74,0
DA:79,0
DA:80,0
DA:82,0
DA:85,0
DA:86,0
DA:91,0
DA:93,0
DA:97,0
DA:98,0
DA:99,0
DA:104,0
DA:105,0
DA:109,0
DA:110,0
DA:115,0
DA:116,0
DA:118,0
DA:121,0
DA:122,0
DA:127,0
DA:128,0
DA:130,0
LF:56
LH:4
BRF:0
BRH:0
end_of_record
